[2026-04-13T17:00:13.823Z] GET https://www.linkedin.com/in/hjalti-jonsson/ → pending (?ms, ?B)
[2026-04-13T17:00:15.303Z] GET https://www.linkedin.com/authwall?trk=gf&trkInfo=AQEQRbjZyuOOewAAAZ2HyWEY3ShQx9q6wUZdX8cL5kqD6nSE7i8zeoMcxJrXlzQSEqffDJ9OF1KKic9r3yi8E3HTWGNLM8epTn1e7FdNP4TGyCMJ9pwRRYV7d3KwwcWZciYA-4k=&original_referer=&sessionRedirect=https%3A%2F%2Fwww.linkedin.com%2Fin%2Fhjalti-jonsson%2F → pending (?ms, ?B)
[2026-04-13T17:00:15.662Z] GET https://static.licdn.com/aero-v1/sc/h/95dn6qmfiqsklhxazp0jn20zg → 200 (66ms, 569061B)
[2026-04-13T17:00:15.662Z] GET https://static.licdn.com/aero-v1/sc/h/b5vydpik9slh5mwqap0g5jq59 → 200 (52ms, 412623B)
[2026-04-13T17:00:15.662Z] GET https://static.licdn.com/aero-v1/sc/h/e69gtg8c61dzqklxridy0htl9 → 200 (159ms, 322815B)
[2026-04-13T17:00:15.664Z] GET https://static.licdn.com/aero-v1/sc/h/ejtdgjypmqo0r3rqzilfwa1k3 → 200 (157ms, 1393061B)
[2026-04-13T17:00:16.448Z] GET https://static.licdn.com/aero-v1/sc/h/ddi43qwelxeqjxdd45pe3fvs1 → 200 (128ms, ?B)
[2026-04-13T17:00:16.448Z] GET https://static.licdn.com/aero-v1/sc/h/29rdkxlvag0d3cpj96fiilbju → 200 (125ms, ?B)
[2026-04-13T17:00:16.448Z] GET https://static.licdn.com/aero-v1/sc/h/8fkga714vy9b2wk5auqo5reeb → 200 (126ms, ?B)
[2026-04-13T17:00:16.448Z] GET https://static.licdn.com/aero-v1/sc/h/5oas73nreunfgygkpe5iwmgrs → 200 (126ms, ?B)
[2026-04-13T17:00:16.448Z] GET https://static.licdn.com/aero-v1/sc/h/gs508lg3t2o81tq7pmcgn6m2 → 200 (128ms, ?B)
[2026-04-13T17:00:16.448Z] GET https://static.licdn.com/aero-v1/sc/h/gs508lg3t2o81tq7pmcgn6m2 → 200 (128ms, ?B)
[2026-04-13T17:00:16.449Z] GET https://static.licdn.com/aero-v1/sc/h/3lm6jmtzdyw0hlonhje0bbsjf → 200 (124ms, ?B)
[2026-04-13T17:00:16.462Z] HEAD https://static.licdn.com/aero-v1/sc/h/95dn6qmfiqsklhxazp0jn20zg → 200 (108ms, ?B)
[2026-04-13T17:00:16.464Z] HEAD https://static.licdn.com/aero-v1/sc/h/b5vydpik9slh5mwqap0g5jq59 → 200 (116ms, ?B)
[2026-04-13T17:00:16.464Z] HEAD https://static.licdn.com/aero-v1/sc/h/e69gtg8c61dzqklxridy0htl9 → 200 (116ms, ?B)
[2026-04-13T17:00:16.464Z] HEAD https://static.licdn.com/aero-v1/sc/h/ejtdgjypmqo0r3rqzilfwa1k3 → 200 (117ms, ?B)
[2026-04-13T17:00:16.464Z] POST https://www.linkedin.com/directory/api/ingraphs/gauge → pending (?ms, ?B)
[2026-04-13T17:00:16.464Z] GET https://static.licdn.com/aero-v1/sc/h/5mebydpuuijm3uhv1q375inqh → 200 (112ms, ?B)
[2026-04-13T17:00:16.464Z] GET https://static.licdn.com/aero-v1/sc/h/cyolgscd0imw2ldqppkrb84vo → 200 (112ms, ?B)
[2026-04-13T17:00:16.464Z] GET https://static.licdn.com/aero-v1/sc/h/80ndnja80f2uvg4l8sj2su82m → 200 (112ms, ?B)
[2026-04-13T17:00:16.470Z] GET https://www.linkedin.com/aero-v1/sc/h/bxullzz73p3hhf78t6sj3w6pb → pending (?ms, ?B)
[2026-04-13T17:00:16.476Z] GET https://www.linkedin.com/litms/api/metadata/user → pending (?ms, ?B)
[2026-04-13T17:00:16.476Z] GET https://platform.linkedin.com/litms/utag/seo-directory-frontend/utag.js?cb=1776099600000 → 200 (101ms, ?B)
[2026-04-13T17:00:16.536Z] POST https://www.linkedin.com/platform-telemetry/li/collect → pending (?ms, ?B)
[2026-04-13T17:00:16.572Z] GET https://li.protechts.net/index.html?ts=1776099616570&r_id=AAZPWmqo9NliuAYYhznzrg%3D%3D&app_id=PXdOjV695v&uc=scraping&d_id=00be2de26a71df11c0795b6fa57853b5633033f8cb5c1fb65ad5cc7d9a9f6b4d → pending (?ms, ?B)
[2026-04-13T17:00:16.642Z] GET https://client.protechts.net/PXdOjV695v/main.min.js → 200 (69ms, 232704B)
[2026-04-13T17:00:16.646Z] POST https://www.linkedin.com/li/track → 200 (239ms, ?B)
[2026-04-13T17:00:16.650Z] POST https://www.linkedin.com/litms/api/events/tms-load → 200 (251ms, ?B)
[2026-04-13T17:00:16.716Z] POST https://www.linkedin.com/li/track → 200 (163ms, ?B)
[2026-04-13T17:00:16.739Z] GET https://tzm.protechts.net/ns?c=3ee7d0c0-375a-11f1-93c6-130dc0e37a5d → 200 (205ms, 172B)
[2026-04-13T17:00:16.745Z] POST https://collector-pxdojv695v.protechts.net/api/v2/msft → 200 (227ms, 1560B)
[2026-04-13T17:00:16.897Z] GET https://accounts.google.com/gsi/button?locale=null&logo_alignment=center&shape=pill&size=large&text=continue_with&theme=undefined&type=undefined&width=325px&client_id=990339570472-k6nqn1tpmitg8pui82bfaun3jrpmiuhs.apps.googleusercontent.com&iframe_id=gsi_616890_806918&as=n%2BKX5y9IvL1XHXkcjgIa5w → 200 (122ms, 197131B)
[2026-04-13T17:00:16.899Z] GET https://accounts.google.com/gsi/status?client_id=990339570472-k6nqn1tpmitg8pui82bfaun3jrpmiuhs.apps.googleusercontent.com&as=n%2BKX5y9IvL1XHXkcjgIa5w&has_opted_out_fedcm=true → 200 (183ms, 72B)
[2026-04-13T17:00:16.900Z] GET https://accounts.google.com/gsi/button?logo_alignment=center&shape=pill&size=large&text=continue_with&theme=outline&type=undefined&width=325px&client_id=990339570472-k6nqn1tpmitg8pui82bfaun3jrpmiuhs.apps.googleusercontent.com&iframe_id=gsi_616897_140796&as=n%2BKX5y9IvL1XHXkcjgIa5w&hl=en_US → 200 (126ms, 196890B)
[2026-04-13T17:00:16.900Z] GET https://accounts.google.com/gsi/status?client_id=990339570472-k6nqn1tpmitg8pui82bfaun3jrpmiuhs.apps.googleusercontent.com&as=n%2BKX5y9IvL1XHXkcjgIa5w&has_opted_out_fedcm=true → 200 (108ms, 72B)
[2026-04-13T17:00:16.928Z] POST https://ps.azurewaf.microsoft.com/event?correlationId=401125b1-6e23-46ff-ba52-9f0d0d7b8e04&type=ping → pending (?ms, ?B)
[2026-04-13T17:00:16.964Z] POST https://www.linkedin.com/li/track → 200 (257ms, ?B)
[2026-04-13T17:00:16.972Z] HEAD https://client.protechts.net/PXdOjV695v/main.min.js → 200 (12ms, 232704B)
[2026-04-13T17:00:17.008Z] POST https://www.linkedin.com/directory/api/ingraphs/counter → 200 (214ms, ?B)
[2026-04-13T17:00:17.069Z] POST https://www.linkedin.com/li/track → 200 (84ms, ?B)
[2026-04-13T17:00:17.122Z] GET https://fonts.gstatic.com/s/googlesans/v62/4UaRrENHsxJlGDuGo1OIlJfC6l_24rlCK1Yo_Iq2vgCI.woff2 → 200 (89ms, 55256B)
[2026-04-13T17:00:17.676Z] POST https://collector-pxdojv695v.protechts.net/api/v2/msft → 200 (170ms, 968B)
[2026-04-13T17:00:18.036Z] POST https://www.linkedin.com/platform-telemetry/li/apfcDf → 200 (174ms, ?B)
[2026-04-13T17:00:18.247Z] POST https://www.linkedin.com/platform-telemetry/li/apfcDf → 200 (293ms, ?B)
[2026-04-13T17:00:18.288Z] POST https://www.linkedin.com/platform-telemetry/li/apfcDf → 200 (212ms, ?B)
[2026-04-13T17:00:18.328Z] POST https://www.linkedin.com/platform-telemetry/li/apfcDf → 200 (125ms, ?B)
[2026-04-13T17:00:18.378Z] POST https://www.linkedin.com/platform-telemetry/li/apfcDf → 200 (29ms, ?B)
[2026-04-13T17:00:18.503Z] POST https://www.linkedin.com/li/track → pending (?ms, ?B)
[2026-04-13T17:00:18.550Z] POST https://collector-pxdojv695v.protechts.net/api/v2/msft → pending (?ms, ?B)
[2026-04-13T17:00:18.668Z] POST https://www.linkedin.com/platform-telemetry/li/apfcDf → 200 (269ms, ?B)
[2026-04-13T17:00:18.778Z] POST https://www.linkedin.com/platform-telemetry/li/apfcDf → 200 (48ms, ?B)
[2026-04-13T17:00:19.000Z] POST https://www.linkedin.com/li/track → 200 (155ms, ?B)
[2026-04-13T17:00:20.502Z] POST https://www.linkedin.com/li/track → pending (?ms, ?B)
[2026-04-13T17:00:22.503Z] POST https://www.linkedin.com/li/track → pending (?ms, ?B)
[2026-04-13T17:00:24.503Z] POST https://www.linkedin.com/li/track → pending (?ms, ?B)
[2026-04-13T17:00:26.503Z] POST https://www.linkedin.com/li/track → pending (?ms, ?B)
[2026-04-13T17:00:27.118Z] POST https://play.google.com/log?format=json&hasfast=true&authuser=0 → 200 (243ms, 131B)
[2026-04-13T17:00:27.137Z] POST https://play.google.com/log?format=json&hasfast=true&authuser=0 → 200 (90ms, 131B)
[2026-04-13T17:00:28.502Z] POST https://www.linkedin.com/li/track → pending (?ms, ?B)
[2026-04-13T17:00:30.503Z] POST https://www.linkedin.com/li/track → pending (?ms, ?B)
[2026-04-13T17:00:31.679Z] GET https://www.linkedin.com/in/hjalti-jonsson/ → 999 (318ms, ?B)
[2026-04-13T17:00:31.680Z] POST https://www.linkedin.com/platform-telemetry/li/collect → 200 (162ms, ?B)
[2026-04-13T17:00:31.680Z] POST https://www.linkedin.com/platform-telemetry/li/gather → 200 (158ms, ?B)
[2026-04-13T17:00:31.726Z] POST https://www.linkedin.com/li/track → 200 (163ms, ?B)
[2026-04-13T17:00:31.926Z] POST https://ps.azurewaf.microsoft.com/event?correlationId=401125b1-6e23-46ff-ba52-9f0d0d7b8e04&type=data → pending (?ms, ?B)
[2026-04-13T17:00:32.008Z] POST https://www.linkedin.com/li/track → pending (?ms, ?B)
[2026-04-13T17:00:32.008Z] POST https://collector-pxdojv695v.protechts.net/api/v2/msft/beacon → pending (?ms, ?B)
[2026-04-13T17:00:32.008Z] POST https://www.linkedin.com/li/track → pending (?ms, ?B)
[2026-04-13T17:00:32.015Z] GET https://www.linkedin.com/authwall?trk=bf&trkInfo=AQEUjcHevlxrSQAAAZ2HyZ-Y0gtRStDS0w3Jv-Oree-4vwqxNx9o_CYgJ6GTF2b2Awz475l1HsmwCYMtBjPKf1XJ89N5viPh_2OJvVwdyjhA0MnV9l8CIApp8FFSut2z1EShMT4=&original_referer=&sessionRedirect=https%3A%2F%2Fwww.linkedin.com%2Fin%2Fhjalti-jonsson%2F → pending (?ms, ?B)
[2026-04-13T17:00:32.691Z] GET https://static.licdn.com/aero-v1/sc/h/95dn6qmfiqsklhxazp0jn20zg → 200 (14ms, 569061B)
[2026-04-13T17:00:32.691Z] GET https://static.licdn.com/aero-v1/sc/h/b5vydpik9slh5mwqap0g5jq59 → 200 (1ms, 412623B)
[2026-04-13T17:00:32.892Z] GET https://static.licdn.com/aero-v1/sc/h/e69gtg8c61dzqklxridy0htl9 → 200 (9ms, 322815B)
[2026-04-13T17:00:32.892Z] GET https://static.licdn.com/aero-v1/sc/h/ejtdgjypmqo0r3rqzilfwa1k3 → 200 (43ms, 1393061B)
[2026-04-13T17:00:33.260Z] GET https://static.licdn.com/aero-v1/sc/h/ddi43qwelxeqjxdd45pe3fvs1 → 200 (67ms, 2435B)
[2026-04-13T17:00:33.261Z] GET https://static.licdn.com/aero-v1/sc/h/29rdkxlvag0d3cpj96fiilbju → 200 (?ms, 224639B)
[2026-04-13T17:00:33.262Z] GET https://static.licdn.com/aero-v1/sc/h/8fkga714vy9b2wk5auqo5reeb → 200 (66ms, 2958B)
[2026-04-13T17:00:33.262Z] GET https://static.licdn.com/aero-v1/sc/h/5oas73nreunfgygkpe5iwmgrs → 200 (66ms, 391B)
[2026-04-13T17:00:33.262Z] GET https://static.licdn.com/aero-v1/sc/h/gs508lg3t2o81tq7pmcgn6m2 → 200 (67ms, 274B)
[2026-04-13T17:00:33.262Z] GET https://static.licdn.com/aero-v1/sc/h/gs508lg3t2o81tq7pmcgn6m2 → 200 (67ms, 274B)
[2026-04-13T17:00:33.262Z] GET https://static.licdn.com/aero-v1/sc/h/3lm6jmtzdyw0hlonhje0bbsjf → 200 (?ms, 58505B)
[2026-04-13T17:00:33.266Z] POST https://www.linkedin.com/directory/api/ingraphs/gauge → 200 (313ms, ?B)
[2026-04-13T17:00:33.266Z] GET https://static.licdn.com/aero-v1/sc/h/5mebydpuuijm3uhv1q375inqh → 200 (71ms, 1255B)
[2026-04-13T17:00:33.266Z] GET https://static.licdn.com/aero-v1/sc/h/cyolgscd0imw2ldqppkrb84vo → 200 (71ms, 201B)
[2026-04-13T17:00:33.266Z] GET https://static.licdn.com/aero-v1/sc/h/80ndnja80f2uvg4l8sj2su82m → 200 (3ms, 65933B)
[2026-04-13T17:00:33.273Z] GET https://www.linkedin.com/aero-v1/sc/h/bxullzz73p3hhf78t6sj3w6pb → 200 (177ms, 5039B)
[2026-04-13T17:00:33.285Z] GET https://www.linkedin.com/litms/api/metadata/user → 200 (175ms, 362B)
[2026-04-13T17:00:33.285Z] GET https://platform.linkedin.com/litms/utag/seo-directory-frontend/utag.js?cb=1776099600000 → 200 (?ms, 26799B)
[2026-04-13T17:00:33.326Z] POST https://www.linkedin.com/platform-telemetry/li/collect → 200 (190ms, ?B)
[2026-04-13T17:00:33.331Z] GET https://li.protechts.net/index.html?ts=1776099633329&r_id=AAZPWmun7mWyzVNQF3bgPg%3D%3D&app_id=PXdOjV695v&uc=scraping&d_id=00be2de26a71df11c0795b6fa57853b5633033f8cb5c1fb65ad5cc7d9a9f6b4d → 200 (20ms, 1076B)
[2026-04-13T17:00:33.367Z] GET https://client.protechts.net/PXdOjV695v/main.min.js → 200 (16ms, 232704B)
[2026-04-13T17:00:33.376Z] GET https://accounts.google.com/gsi/button?locale=null&logo_alignment=center&shape=pill&size=large&text=continue_with&theme=undefined&type=undefined&width=325px&client_id=990339570472-k6nqn1tpmitg8pui82bfaun3jrpmiuhs.apps.googleusercontent.com&iframe_id=gsi_633373_337396&as=pgEMEkbh4j7aY%2BKDPVpvhA → 200 (79ms, 197064B)
[2026-04-13T17:00:33.382Z] GET https://accounts.google.com/gsi/status?client_id=990339570472-k6nqn1tpmitg8pui82bfaun3jrpmiuhs.apps.googleusercontent.com&as=pgEMEkbh4j7aY%2BKDPVpvhA&has_opted_out_fedcm=true → 200 (134ms, 72B)
[2026-04-13T17:00:33.383Z] GET https://accounts.google.com/gsi/button?logo_alignment=center&shape=pill&size=large&text=continue_with&theme=outline&type=undefined&width=325px&client_id=990339570472-k6nqn1tpmitg8pui82bfaun3jrpmiuhs.apps.googleusercontent.com&iframe_id=gsi_633376_496143&as=pgEMEkbh4j7aY%2BKDPVpvhA&hl=en_US → 200 (52ms, 196854B)
[2026-04-13T17:00:33.383Z] GET https://accounts.google.com/gsi/status?client_id=990339570472-k6nqn1tpmitg8pui82bfaun3jrpmiuhs.apps.googleusercontent.com&as=pgEMEkbh4j7aY%2BKDPVpvhA&has_opted_out_fedcm=true → 200 (64ms, 72B)
[2026-04-13T17:00:33.394Z] GET https://tzm.protechts.net/ns?c=48d810e0-375a-11f1-ae01-6d54f55cb96d → pending (?ms, ?B)
[2026-04-13T17:00:33.398Z] POST https://collector-pxdojv695v.protechts.net/api/v2/msft → 200 (180ms, 1316B)
[2026-04-13T17:00:33.447Z] POST https://www.linkedin.com/directory/api/ingraphs/counter → pending (?ms, ?B)
[2026-04-13T17:00:33.461Z] POST https://www.linkedin.com/li/track → pending (?ms, ?B)
[2026-04-13T17:00:33.463Z] POST https://www.linkedin.com/litms/api/events/tms-load → pending (?ms, ?B)
[2026-04-13T17:00:33.527Z] GET https://fonts.gstatic.com/s/googlesans/v62/4UaRrENHsxJlGDuGo1OIlJfC6l_24rlCK1Yo_Iq2vgCI.woff2 → 200 (2ms, 55256B)
[2026-04-13T17:00:33.578Z] HEAD https://client.protechts.net/PXdOjV695v/main.min.js → 200 (10ms, ?B)
[2026-04-13T17:00:33.608Z] POST https://ps.azurewaf.microsoft.com/event?correlationId=a7ce426c-5427-43a0-83e4-8c54cfbe9ea5&type=ping → pending (?ms, ?B)
[2026-04-13T17:00:33.822Z] POST https://www.linkedin.com/li/track → 200 (185ms, ?B)
[2026-04-13T17:00:34.282Z] POST https://collector-pxdojv695v.protechts.net/api/v2/msft → 200 (179ms, 968B)
[2026-04-13T17:00:35.060Z] POST https://www.linkedin.com/platform-telemetry/li/apfcDf → pending (?ms, ?B)
[2026-04-13T17:00:35.097Z] POST https://www.linkedin.com/platform-telemetry/li/apfcDf → 200 (406ms, ?B)
[2026-04-13T17:00:35.154Z] POST https://www.linkedin.com/platform-telemetry/li/apfcDf → 200 (192ms, ?B)
[2026-04-13T17:00:35.183Z] POST https://collector-pxdojv695v.protechts.net/api/v2/msft → 200 (160ms, 1000B)
[2026-04-13T17:00:35.184Z] POST https://www.linkedin.com/platform-telemetry/li/apfcDf → 200 (97ms, ?B)
[2026-04-13T17:00:35.220Z] POST https://www.linkedin.com/platform-telemetry/li/apfcDf → 200 (1ms, ?B)
[2026-04-13T17:00:35.337Z] POST https://www.linkedin.com/li/track → 200 (161ms, ?B)
[2026-04-13T17:00:35.407Z] POST https://www.linkedin.com/platform-telemetry/li/apfcDf → 200 (7ms, ?B)
[2026-04-13T17:00:35.533Z] POST https://www.linkedin.com/platform-telemetry/li/apfcDf → 200 (34ms, ?B)
[2026-04-13T17:00:35.706Z] POST https://www.linkedin.com/li/track → 200 (155ms, ?B)
[2026-04-13T17:00:37.313Z] POST https://www.linkedin.com/li/track → 200 (182ms, ?B)
[2026-04-13T17:00:37.471Z] POST https://collector-pxdojv695v.protechts.net/api/v2/msft → pending (?ms, ?B)
[2026-04-13T17:00:39.313Z] POST https://www.linkedin.com/li/track → 200 (151ms, ?B)
[2026-04-13T17:00:40.850Z] GET https://www.google.com/search?q=site:linkedin.com+%22hjalti+jonsson%22+hekla → 200 (106ms, ?B)
[2026-04-13T17:00:40.851Z] POST https://www.linkedin.com/platform-telemetry/li/collect → pending (?ms, ?B)
[2026-04-13T17:00:40.851Z] POST https://www.linkedin.com/platform-telemetry/li/gather → pending (?ms, ?B)
[2026-04-13T17:00:40.899Z] POST https://www.linkedin.com/li/track → pending (?ms, ?B)
[2026-04-13T17:00:41.018Z] GET https://www.google.com/search?q=site:linkedin.com+%22hjalti+jonsson%22+hekla&sei=OCHdae2_N5u3wPAPzpfU0A4 → 302 (571ms, ?B)
[2026-04-13T17:00:41.590Z] GET https://www.google.com/sorry/index?continue=https://www.google.com/search%3Fq%3Dsite:linkedin.com%2B%2522hjalti%2Bjonsson%2522%2Bhekla%26sei%3DOCHdae2_N5u3wPAPzpfU0A4&q=EgRauGhzGLnC9M4GIjBRmNhGEpwOAvC5Yu6I0MeezIN7EVGDrRktF8RdOa1ugQ4aLs0PmHOGP5chJpSXbk8yAVJaAUM → pending (?ms, ?B)
[2026-04-13T17:00:41.620Z] GET https://www.google.com/recaptcha/enterprise.js → 200 (31ms, 1638B)
[2026-04-13T17:00:41.652Z] GET https://www.gstatic.com/recaptcha/releases/gTpTIWhbKpxADzTzkcabhXN4/recaptcha__en.js → 200 (145ms, 868023B)
[2026-04-13T17:00:41.867Z] GET https://www.google.com/recaptcha/enterprise/anchor?ar=1&k=6LdLLIMbAAAAAIl-KLj9p1ePhM-4LCCDbjtJLqRO&co=aHR0cHM6Ly93d3cuZ29vZ2xlLmNvbTo0NDM.&hl=en&v=gTpTIWhbKpxADzTzkcabhXN4&size=normal&s=Mz_a16FNu99G-zZ1TbytX1BZp0oYiWG4pZsu17VjB4MjggBmpvD3rzZZT7Gj46FC279suBBsP33XunKE3rBxK2-IP4WulJzd6ASNN_2PN4pVoO_5ZOTPtS9ZNChhLuT_Z6irDha9gE5EX-d1FfZ1MAjMF3sZbBj5zxGaMi2bMwBitt8NQ4lnnEgGHl9lEyLkeGJkfFgIQjtIlZMemL--EYnuksTJaOb651Wu-YJrrCjWJfdow-tcaWTL9-kwExp_HRmIBbkTQvUI0-2hPT-ULF-x7gwEF-8&anchor-ms=20000&execute-ms=30000&cb=v04ks34vwkww → 200 (44ms, 54545B)
[2026-04-13T17:00:41.915Z] GET https://www.gstatic.com/recaptcha/releases/gTpTIWhbKpxADzTzkcabhXN4/styles__ltr.css → 200 (64ms, 83366B)
[2026-04-13T17:00:41.915Z] GET https://www.gstatic.com/recaptcha/releases/gTpTIWhbKpxADzTzkcabhXN4/recaptcha__en.js → 200 (26ms, 868023B)
[2026-04-13T17:00:42.055Z] GET https://www.google.com/recaptcha/enterprise/webworker.js?hl=en&v=gTpTIWhbKpxADzTzkcabhXN4 → 200 (39ms, 102B)
[2026-04-13T17:00:42.060Z] GET https://www.gstatic.com/recaptcha/api2/logo_48.png → 200 (12ms, 2228B)
[2026-04-13T17:00:42.060Z] GET https://fonts.gstatic.com/s/roboto/v48/KFO7CnqEu92Fr1ME7kSn66aGLdTylUAMa3yUBA.woff2 → 200 (53ms, 40128B)
[2026-04-13T17:00:42.095Z] GET https://www.gstatic.com/recaptcha/releases/gTpTIWhbKpxADzTzkcabhXN4/recaptcha__en.js → 200 (91ms, 868023B)
[2026-04-13T17:00:42.386Z] GET https://www.google.com/recaptcha/enterprise/bframe?hl=en&v=gTpTIWhbKpxADzTzkcabhXN4&k=6LdLLIMbAAAAAIl-KLj9p1ePhM-4LCCDbjtJLqRO&bft=0dAFcWeA6q6I_P0aeWiyTOJ9PcUpUZVxnZqh2e611MJ-T29xFGAT1hYrnsgPrgvonEIQpQFoxwJpqR5fbBa4pg5i8zxdUKaW5XHg → 200 (30ms, 17041B)
[2026-04-13T17:00:42.421Z] GET https://www.gstatic.com/recaptcha/releases/gTpTIWhbKpxADzTzkcabhXN4/styles__ltr.css → 200 (?ms, 83366B)
[2026-04-13T17:00:42.421Z] GET https://www.gstatic.com/recaptcha/releases/gTpTIWhbKpxADzTzkcabhXN4/recaptcha__en.js → 200 (?ms, 868023B)
[2026-04-13T17:00:42.513Z] GET https://fonts.gstatic.com/s/roboto/v48/KFO7CnqEu92Fr1ME7kSn66aGLdTylUAMa3yUBA.woff2 → 200 (?ms, ?B)
[2026-04-13T17:00:54.877Z] GET https://duckduckgo.com/?q=linkedin+%22hjalti+jonsson%22+hekla → 202 (146ms, 18560B)
[2026-04-13T17:00:55.029Z] GET https://duckduckgo.com/dist/s.6f65f8320e42c989e69a.css → 200 (21ms, 171431B)
[2026-04-13T17:00:55.030Z] GET https://duckduckgo.com/dist/r.91786d1bd4e8535b32cf.css → 200 (46ms, 332752B)
[2026-04-13T17:00:55.030Z] GET https://duckduckgo.com/dist/wpl.main.069a9f33973b5ea63ded.css → 200 (64ms, 410099B)
[2026-04-13T17:00:55.030Z] GET https://duckduckgo.com/font/DuckSansProduct-Regular.woff2 → 200 (98ms, 109116B)
[2026-04-13T17:00:55.030Z] GET https://duckduckgo.com/font/DuckSansProduct-Medium.woff2 → 200 (102ms, 109728B)
[2026-04-13T17:00:55.030Z] GET https://duckduckgo.com/font/DuckSansProduct-Bold.woff2 → 200 (112ms, 109704B)
[2026-04-13T17:00:55.046Z] GET https://duckduckgo.com/dist/b.6a48c326d05ddd1256d8.js → 200 (94ms, 43717B)
[2026-04-13T17:00:55.046Z] GET https://duckduckgo.com/dist/lib/l.32113981e35aa54fc221.js → 200 (110ms, 136192B)
[2026-04-13T17:00:55.046Z] GET https://duckduckgo.com/dist/locale/en_US.54564bb2c533b550f0e8afa1958c924d.js → 200 (134ms, 217623B)
[2026-04-13T17:00:55.046Z] GET https://duckduckgo.com/dist/util/u.f6b0352aa94f73a917b3.js → 200 (134ms, 144956B)
[2026-04-13T17:00:55.046Z] GET https://duckduckgo.com/dist/wpmv.54aacb1ae98d18b496b2.js → 200 (156ms, 580763B)
[2026-04-13T17:00:55.046Z] GET https://duckduckgo.com/dist/wpm.main.006f3a9256e2b093c830.js → 200 (167ms, 1071535B)
[2026-04-13T17:00:55.046Z] GET https://duckduckgo.com/dist/d.e3dd8c30fb02258a877e.js → 200 (157ms, 455667B)
[2026-04-13T17:00:55.046Z] GET https://duckduckgo.com/dist/g.1e879aaf0159aed68330.js → 200 (205ms, 721210B)
[2026-04-13T17:00:55.305Z] GET https://duckduckgo.com/assets/logo_header.v109.svg → 200 (28ms, 4468B)
[2026-04-13T17:00:55.335Z] GET https://duckduckgo.com/assets/anomaly/check.svg → 200 (171ms, 545B)
[2026-04-13T17:00:55.336Z] GET https://duckduckgo.com/assets/anomaly/images/challenge/53884db7f6e24e7c86042dc90df68b4f.jpg → 200 (172ms, 42495B)
[2026-04-13T17:00:55.337Z] GET https://duckduckgo.com/assets/anomaly/images/challenge/83a8bbb9db1b4e989dad0ccf51c486cb.jpg → 200 (171ms, 40713B)
[2026-04-13T17:00:55.337Z] GET https://duckduckgo.com/assets/anomaly/images/challenge/93ebd2d44bdf4852be420ccc6c89bee8.jpg → 200 (172ms, 56242B)
[2026-04-13T17:00:55.337Z] GET https://duckduckgo.com/assets/anomaly/images/challenge/20ce54f9af2645d2a334ce038e87efd1.jpg → 200 (172ms, 23949B)
[2026-04-13T17:00:55.337Z] GET https://duckduckgo.com/assets/anomaly/images/challenge/8b2ff4bd67eb4a79a15b005c2b63e6fd.jpg → 200 (174ms, 24130B)
[2026-04-13T17:00:55.337Z] GET https://duckduckgo.com/assets/anomaly/images/challenge/8d54002a0f8e4ea399fc97fe5012b2d6.jpg → 200 (174ms, 30799B)
[2026-04-13T17:00:55.337Z] GET https://duckduckgo.com/assets/anomaly/images/challenge/0a095d8ff11242fc956d3ce45802d1fe.jpg → 200 (175ms, 37468B)
[2026-04-13T17:00:55.337Z] GET https://duckduckgo.com/assets/anomaly/images/challenge/a77df875a35e43b0babecb586c424a30.jpg → 200 (175ms, 23986B)
[2026-04-13T17:00:55.337Z] GET https://duckduckgo.com/assets/anomaly/images/challenge/748ec91a224748989ac18427b8cb595c.jpg → 200 (175ms, 26177B)
[2026-04-13T17:00:55.489Z] GET https://duckduckgo.com/dist/wpm.2808.3f45816ab8b2ca967cdc.js → 200 (30ms, 15878B)
[2026-04-13T17:00:55.490Z] GET https://duckduckgo.com/dist/wpm.9814.3c32432cd628fc082285.js → 200 (30ms, 15154B)
[2026-04-13T17:00:55.490Z] GET https://duckduckgo.com/dist/wpm.feedback-modal.32eeecc123f7d507f8b6.js → 200 (30ms, 63249B)
[2026-04-13T17:00:55.490Z] GET https://duckduckgo.com/dist/wpm.7477.d1f1d20e21e18bbe101c.js → 200 (32ms, 11472B)
[2026-04-13T17:00:55.490Z] GET https://duckduckgo.com/dist/wpm.images-vertical.5b4cf0f3d016b50d5cf2.js → 200 (32ms, 58835B)
[2026-04-13T17:00:55.490Z] GET https://duckduckgo.com/dist/wpm.shopping-vertical.81c05ca2934967d013e1.js → 200 (33ms, 36042B)
[2026-04-13T17:00:55.490Z] GET https://duckduckgo.com/t.js?q=linkedin%20%22hjalti%20jonsson%22%20hekla&l=us-en&s=0&dl=en&ct=DK&bing_market=en-US&p_ent=&ex=-1&dp=OtK47CtlZlQcNakXresfwGg0dZxYTW7T1A5kBZq1vjciSmovRe2wm0u5G6ATK3goIn5BzBSOPqkGknHYM3PD21vzVOmPNWEEt4HHeTKSbo0ZFPIBtQz3yEZ2CVuTO3_PXm9Q8C4saVfHghYvsqnPYBCIbPbTPHfzCZzK7j3YirBNCUEswb2YcPMITE3iffp4vMWOGQMtKxMGHRweEhY8LA.jJ1nyou_QzyzJfE-Th2KqA&perf_id=d2f5cabe31a23992&parent_perf_id=7792741de34e94a1&perf_sampled=0&host_region=eun&dfrsp=1&aps=0&biaexp=b&i3adexp=a&litexp=a&msvrtexp=b&searchbarexp=b&weatherexp=b → 200 (33ms, ?B)
[2026-04-13T17:00:55.490Z] GET https://duckduckgo.com/post3.html → 200 (29ms, 162B)
[2026-04-13T17:00:55.526Z] GET https://duckduckgo.com/dist/p.f5b58579149e7488209f.js → 200 (72ms, 297B)
[2026-04-13T17:00:55.591Z] GET https://duckduckgo.com/dist/react-assets/fe21b530ba74e4553643.svg → 200 (?ms, 643B)
[2026-04-13T17:00:55.591Z] GET https://duckduckgo.com/dist/react-assets/51ff8f5f877025448b4a.svg → 200 (1ms, 1583B)
[2026-04-13T17:00:55.591Z] GET https://duckduckgo.com/dist/react-assets/23d563f964108cbb5b74.svg → 200 (1ms, 533B)
[2026-04-13T17:00:55.591Z] GET https://duckduckgo.com/dist/s.2d7ad26d2e97b9e21a51.js → 200 (22ms, 101962B)
[2026-04-13T17:00:55.626Z] POST https://improving.duckduckgo.com/t/tqadb?1698923&c=dadb&cc=sre&gk=d4cd0dabcf4caa22ad92fab40844c786&iadb=1&sc=1&e=0&s=index&p=53884db7f6e24e7c86042dc90df68b4f-83a8bbb9db1b4e989dad0ccf51c486cb-93ebd2d44bdf4852be420ccc6c89bee8-20ce54f9af2645d2a334ce038e87efd1-8b2ff4bd67eb4a79a15b005c2b63e6fd-8d54002a0f8e4ea399fc97fe5012b2d6-0a095d8ff11242fc956d3ce45802d1fe-a77df875a35e43b0babecb586c424a30-748ec91a224748989ac18427b8cb595c&o=IwY2kM4YhZj9l3xBBPMyt3BddFxMoi%2Bej%2FPL2gQhcHbc39dhdA7CaMdT9TumK%2BdB%0A&er=&r=eun&adblock_exp=a&aiheaderexp=b&biaexp=b&disableredditmetadataexp=b&duckaiinautocomplete=b&duckchat_alpha=b&externalmapsexp=b&i3adexp=a&litexp=a&msvrtexp=b&rich_caption_tabbed_snippet_exp=a&searchbarexp=b&toolexp=b&weatherexp=b → 200 (27ms, 43B)
[2026-04-13T17:00:55.626Z] POST https://improving.duckduckgo.com/t/tqadbm?9503003&c=dadb&cc=sre&gk=d4cd0dabcf4caa22ad92fab40844c786&iadb=1&sc=1&e=0&s=index&p=53884db7f6e24e7c86042dc90df68b4f-83a8bbb9db1b4e989dad0ccf51c486cb-93ebd2d44bdf4852be420ccc6c89bee8-20ce54f9af2645d2a334ce038e87efd1-8b2ff4bd67eb4a79a15b005c2b63e6fd-8d54002a0f8e4ea399fc97fe5012b2d6-0a095d8ff11242fc956d3ce45802d1fe-a77df875a35e43b0babecb586c424a30-748ec91a224748989ac18427b8cb595c&o=IwY2kM4YhZj9l3xBBPMyt3BddFxMoi%2Bej%2FPL2gQhcHbc39dhdA7CaMdT9TumK%2BdB%0A&er=&r=eun&adblock_exp=a&aiheaderexp=b&biaexp=b&disableredditmetadataexp=b&duckaiinautocomplete=b&duckchat_alpha=b&externalmapsexp=b&i3adexp=a&litexp=a&msvrtexp=b&rich_caption_tabbed_snippet_exp=a&searchbarexp=b&toolexp=b&weatherexp=b → 200 (27ms, 43B)
[2026-04-13T17:00:55.628Z] POST https://improving.duckduckgo.com/t/si?6944162&b=chrome&atbi=true&i=false&d=d&l=en_US&p=linux&pre_atb=v529-6&ax=false&ak=false&serp_return=0&pre_va=_&pre_atbva=_&adblock_exp=a&aiheaderexp=b&biaexp=b&disableredditmetadataexp=b&duckaiinautocomplete=b&duckchat_alpha=b&externalmapsexp=b&i3adexp=a&litexp=a&msvrtexp=b&rich_caption_tabbed_snippet_exp=a&searchbarexp=b&toolexp=b&weatherexp=b → 200 (26ms, 43B)
[2026-04-13T17:00:55.628Z] POST https://improving.duckduckgo.com/t/ias_web?4266380&fromWebTab=1&initialState=active&timeSincePageLoad=40&timeSinceDeepStarted=0&timeSinceDeepFinished=0&tabPosition=0&isBack=false&recommendedTabOrder=videos,news,maps_expanded,products&maxVisibleTabs=5&displayedTabOrder=web,images,videos,news,maps_expanded,products&q=linkedin%20%22hjalti%20jonsson%22%20hekla&ct=DK&d=d&kl=wt-wt&rl=us-en&adblock_exp=a&aiheaderexp=b&biaexp=b&disableredditmetadataexp=b&duckaiinautocomplete=b&duckchat_alpha=b&externalmapsexp=b&i3adexp=a&litexp=a&msvrtexp=b&rich_caption_tabbed_snippet_exp=a&searchbarexp=b&toolexp=b&weatherexp=b → 200 (27ms, 43B)
[2026-04-13T17:00:55.628Z] POST https://improving.duckduckgo.com/t/ias_images?8224932&fromWebTab=1&initialState=inactive&timeSincePageLoad=40&timeSinceDeepStarted=0&timeSinceDeepFinished=0&tabPosition=1&isBack=false&recommendedTabOrder=videos,news,maps_expanded,products&maxVisibleTabs=5&displayedTabOrder=web,images,videos,news,maps_expanded,products&q=linkedin%20%22hjalti%20jonsson%22%20hekla&ct=DK&d=d&kl=wt-wt&rl=us-en&adblock_exp=a&aiheaderexp=b&biaexp=b&disableredditmetadataexp=b&duckaiinautocomplete=b&duckchat_alpha=b&externalmapsexp=b&i3adexp=a&litexp=a&msvrtexp=b&rich_caption_tabbed_snippet_exp=a&searchbarexp=b&toolexp=b&weatherexp=b → 200 (27ms, 43B)
[2026-04-13T17:00:55.628Z] POST https://improving.duckduckgo.com/t/ias_videos?9244270&fromWebTab=1&initialState=inactive&timeSincePageLoad=40&timeSinceDeepStarted=0&timeSinceDeepFinished=0&tabPosition=2&isBack=false&recommendedTabOrder=videos,news,maps_expanded,products&maxVisibleTabs=5&displayedTabOrder=web,images,videos,news,maps_expanded,products&q=linkedin%20%22hjalti%20jonsson%22%20hekla&ct=DK&d=d&kl=wt-wt&rl=us-en&adblock_exp=a&aiheaderexp=b&biaexp=b&disableredditmetadataexp=b&duckaiinautocomplete=b&duckchat_alpha=b&externalmapsexp=b&i3adexp=a&litexp=a&msvrtexp=b&rich_caption_tabbed_snippet_exp=a&searchbarexp=b&toolexp=b&weatherexp=b → 200 (25ms, 43B)
[2026-04-13T17:00:55.628Z] POST https://improving.duckduckgo.com/t/ias_news?7380980&fromWebTab=1&initialState=inactive&timeSincePageLoad=40&timeSinceDeepStarted=0&timeSinceDeepFinished=0&tabPosition=3&isBack=false&recommendedTabOrder=videos,news,maps_expanded,products&maxVisibleTabs=5&displayedTabOrder=web,images,videos,news,maps_expanded,products&q=linkedin%20%22hjalti%20jonsson%22%20hekla&ct=DK&d=d&kl=wt-wt&rl=us-en&adblock_exp=a&aiheaderexp=b&biaexp=b&disableredditmetadataexp=b&duckaiinautocomplete=b&duckchat_alpha=b&externalmapsexp=b&i3adexp=a&litexp=a&msvrtexp=b&rich_caption_tabbed_snippet_exp=a&searchbarexp=b&toolexp=b&weatherexp=b → 200 (49ms, 43B)
[2026-04-13T17:00:55.628Z] POST https://improving.duckduckgo.com/t/ias_maps_expanded?4640122&fromWebTab=1&initialState=inactive&timeSincePageLoad=40&timeSinceDeepStarted=0&timeSinceDeepFinished=0&tabPosition=4&isBack=false&recommendedTabOrder=videos,news,maps_expanded,products&maxVisibleTabs=5&displayedTabOrder=web,images,videos,news,maps_expanded,products&q=linkedin%20%22hjalti%20jonsson%22%20hekla&ct=DK&d=d&kl=wt-wt&rl=us-en&adblock_exp=a&aiheaderexp=b&biaexp=b&disableredditmetadataexp=b&duckaiinautocomplete=b&duckchat_alpha=b&externalmapsexp=b&i3adexp=a&litexp=a&msvrtexp=b&rich_caption_tabbed_snippet_exp=a&searchbarexp=b&toolexp=b&weatherexp=b → 200 (51ms, 43B)
[2026-04-13T17:00:55.628Z] POST https://improving.duckduckgo.com/t/ias_products?3772374&fromWebTab=1&initialState=inactive&timeSincePageLoad=40&timeSinceDeepStarted=0&timeSinceDeepFinished=0&tabPosition=5&isBack=false&recommendedTabOrder=videos,news,maps_expanded,products&maxVisibleTabs=5&displayedTabOrder=web,images,videos,news,maps_expanded,products&q=linkedin%20%22hjalti%20jonsson%22%20hekla&ct=DK&d=d&kl=wt-wt&rl=us-en&adblock_exp=a&aiheaderexp=b&biaexp=b&disableredditmetadataexp=b&duckaiinautocomplete=b&duckchat_alpha=b&externalmapsexp=b&i3adexp=a&litexp=a&msvrtexp=b&rich_caption_tabbed_snippet_exp=a&searchbarexp=b&toolexp=b&weatherexp=b → 200 (51ms, 43B)
[2026-04-13T17:00:55.628Z] POST https://improving.duckduckgo.com/t/ias_chat?4056663&fromWebTab=1&initialState=inactive&timeSincePageLoad=40&timeSinceDeepStarted=0&timeSinceDeepFinished=0&tabPosition=-1&isBack=false&recommendedTabOrder=videos,news,maps_expanded,products&maxVisibleTabs=5&displayedTabOrder=web,images,videos,news,maps_expanded,products&q=linkedin%20%22hjalti%20jonsson%22%20hekla&ct=DK&d=d&kl=wt-wt&rl=us-en&adblock_exp=a&aiheaderexp=b&biaexp=b&disableredditmetadataexp=b&duckaiinautocomplete=b&duckchat_alpha=b&externalmapsexp=b&i3adexp=a&litexp=a&msvrtexp=b&rich_caption_tabbed_snippet_exp=a&searchbarexp=b&toolexp=b&weatherexp=b → 200 (52ms, 43B)
[2026-04-13T17:00:55.628Z] POST https://improving.duckduckgo.com/t/ba?4836723&ads=false → 200 (55ms, 43B)
[2026-04-13T17:00:55.628Z] POST https://improving.duckduckgo.com/t/web_conversion_search?1634334&origin=&locale=en-US&adblock_exp=a&aiheaderexp=b&biaexp=b&disableredditmetadataexp=b&duckaiinautocomplete=b&duckchat_alpha=b&externalmapsexp=b&i3adexp=a&litexp=a&msvrtexp=b&rich_caption_tabbed_snippet_exp=a&searchbarexp=b&toolexp=b&weatherexp=b → 200 (52ms, 43B)
[2026-04-13T17:00:55.628Z] POST https://improving.duckduckgo.com/t/perf?3613492&redirects_count=0&redirect_time_ms=0&connect_time_ms=48&dns_time_ms=6&tls_handshake_time_ms=25&ttfb_ms=89&transfer_time_ms=24&net_rtt_ms=24&cohort=n&protocol=h2&transfer_size_bytes=18860&encoded_size_bytes=18560&decoded_size_bytes=18560&dom_interactive_time_ms=291&dom_content_loaded_time_ms=437&dom_complete_time_ms=575&first_paint_ms=276&first_contentful_paint_ms=468&type=navigate&page=serp&d=d&pre_va=_&pre_atbva=_&adblock_exp=a&aiheaderexp=b&biaexp=b&disableredditmetadataexp=b&duckaiinautocomplete=b&duckchat_alpha=b&externalmapsexp=b&i3adexp=a&litexp=a&msvrtexp=b&rich_caption_tabbed_snippet_exp=a&searchbarexp=b&toolexp=b&weatherexp=b → 200 (73ms, 43B)
[2026-04-13T17:00:57.331Z] POST https://improving.duckduckgo.com/t/tqadbmd?7764928&adblock_exp=a&aiheaderexp=b&biaexp=b&disableredditmetadataexp=b&duckaiinautocomplete=b&duckchat_alpha=b&externalmapsexp=b&i3adexp=a&litexp=a&msvrtexp=b&rich_caption_tabbed_snippet_exp=a&searchbarexp=b&toolexp=b&weatherexp=b → 200 (25ms, 43B)
[2026-04-13T17:01:10.797Z] GET https://www.svenarnarsson.com/ → 200 (142ms, 79010B)
[2026-04-13T17:01:10.945Z] GET https://www.svenarnarsson.com/_next/static/media/0e96d314a90a6138-s.p.woff2 → 200 (54ms, 8688B)
[2026-04-13T17:01:10.945Z] GET https://www.svenarnarsson.com/_next/static/media/13971731025ec697-s.p.woff2 → 200 (26ms, 36980B)
[2026-04-13T17:01:10.945Z] GET https://www.svenarnarsson.com/_next/static/media/558ca1a6aa3cb55e-s.p.woff2 → 200 (54ms, 31340B)
[2026-04-13T17:01:10.945Z] GET https://www.svenarnarsson.com/_next/static/media/9cc5b37ab1350db7-s.p.woff2 → 200 (45ms, 15684B)
[2026-04-13T17:01:10.945Z] GET https://www.svenarnarsson.com/_next/static/media/b7ea2ab4a8ad1f81-s.p.woff2 → 200 (41ms, 8724B)
[2026-04-13T17:01:10.945Z] GET https://www.svenarnarsson.com/_next/static/media/e6099e249fd938cc-s.p.woff2 → 200 (36ms, 15040B)
[2026-04-13T17:01:10.946Z] GET https://www.svenarnarsson.com/_next/static/css/7b7ed392498bea43.css → 200 (53ms, 14345B)
[2026-04-13T17:01:10.946Z] GET https://www.svenarnarsson.com/_next/static/chunks/webpack-63b3ede64050719e.js → 200 (49ms, 3843B)
[2026-04-13T17:01:10.946Z] GET https://www.svenarnarsson.com/_next/static/chunks/4bd1b696-c023c6e3521b1417.js → 200 (54ms, 173019B)
[2026-04-13T17:01:10.946Z] GET https://www.svenarnarsson.com/_next/static/chunks/255-ebd51be49873d76c.js → 200 (44ms, 172500B)
[2026-04-13T17:01:10.946Z] GET https://www.svenarnarsson.com/_next/static/chunks/main-app-f9b5d20365cb8be2.js → 200 (54ms, 557B)
[2026-04-13T17:01:10.946Z] GET https://www.svenarnarsson.com/_next/static/chunks/app/layout-4ebedf6c4d3c33bd.js → 200 (39ms, 4193B)
[2026-04-13T17:01:10.946Z] GET https://www.svenarnarsson.com/_next/static/chunks/239-520ff138d415fba0.js → 200 (54ms, 14941B)
[2026-04-13T17:01:10.946Z] GET https://www.svenarnarsson.com/_next/static/chunks/app/page-1a58b8c8a5c47626.js → 200 (49ms, 75626B)
[2026-04-13T17:01:10.946Z] GET https://www.sourcetrace.xyz/t.js → 200 (323ms, 3853B)
[2026-04-13T17:01:11.187Z] GET https://api.github.com/repos/Arnarsson/sourcetrace → pending (?ms, ?B)
[2026-04-13T17:01:11.187Z] GET https://api.github.com/users/Arnarsson/events/public?per_page=100 → pending (?ms, ?B)
[2026-04-13T17:01:11.201Z] GET https://www.svenarnarsson.com/_vercel/insights/script.js → 200 (27ms, 2495B)
[2026-04-13T17:01:16.270Z] POST https://www.sourcetrace.xyz/api/events → pending (?ms, ?B)
[2026-04-13T17:01:18.222Z] GET https://www.svenarnarsson.com/_next/image?url=%2Fimages%2Fsven-new.jpg&w=640&q=75 → 200 (28ms, 32976B)
[2026-04-13T17:02:02.890Z] GET https://hekla-mockup-r3by4rzwv-arnarssons-projects.vercel.app/ → 200 (527ms, 32650B)
[2026-04-13T17:02:03.422Z] GET https://fonts.googleapis.com/css2?family=DM+Sans:wght@400;500&family=Instrument+Serif:ital@0;1&family=JetBrains+Mono:wght@400;600&display=swap → 200 (70ms, 8507B)
[2026-04-13T17:02:03.497Z] GET https://fonts.gstatic.com/s/instrumentserif/v5/jizBRFtNs2ka5fXjeivQ4LroWlx-6zUTjg.woff2 → 200 (89ms, 21032B)
[2026-04-13T17:02:03.497Z] GET https://fonts.gstatic.com/s/jetbrainsmono/v24/tDbv2o-flEEny0FZhsfKu5WU4zr3E_BX0PnT8RD8yKwBNntkaToggR7BYRbKPxDcwg.woff2 → 200 (89ms, 31432B)
[2026-04-13T17:02:03.497Z] GET https://fonts.gstatic.com/s/instrumentserif/v5/jizHRFtNs2ka5fXjeivQ4LroWlx-6zAjjH7M.woff2 → 200 (87ms, 22128B)
[2026-04-13T17:02:03.497Z] GET https://fonts.gstatic.com/s/dmsans/v17/rP2Yp2ywxg089UriI5-g4vlH9VoD8Cmcqbu0-K4.woff2 → 200 (89ms, 36932B)
